******************************************************************************************
*** Phaser Module: PREPROCESSOR                                                  2.8.3 ***
******************************************************************************************

Input Parameters:
CELL 44.39 91.51 94.5 90 82 90
COMPOSITION BY ASU
COMPOSITION PROTEIN MW 17131 NUM 4
ENSEMBLE 1iqb_B PDB "homologs/1iqb_B_2-83.pdb" ID 0.45 
ENSEMBLE 1uha_A PDB "homologs/1uha_A_4-82.pdb" ID 0.54 
ENSEMBLE 2dkv_A PDB "homologs/2dkv_A_289-314.pdb" ID 0.31 
ENSEMBLE 2uvo_F PDB "homologs/2uvo_F_2-171.pdb" ID 1 
ENSEMBLE 4mpi_B PDB "homologs/4mpi_B_3-39.pdb" ID 0.62 
ENSEMBLE 4wp4_A PDB "homologs/4wp4_A_3-41.pdb" ID 0.67 
ENSEMBLE 6stq_B PDB "homologs/6stq_B_4-170.pdb" ID 0.68 
ELLG HIRES ON
LABIN F = FP SIGF = SIGFP
MUTE ON
SEARCH ENSEMBLE 2uvo_F  OR ENSEMBLE 6stq_B OR ENSEMBLE 1uha_A OR ENSEMBLE 4wp4_A OR
ENSEMBLE 1iqb_B OR ENSEMBLE 4mpi_B OR ENSEMBLE 2dkv_A
SPACEGROUP P 1 21 1

CPU Time: 0 days 0 hrs 0 mins 0.06 secs (      0.06 secs)
Finished: Thu Sep 26 16:29:12 2024

******************************************************************************************
*** Phaser Module: EXPECTED LLG OF ENSEMBLES                                     2.8.3 ***
******************************************************************************************

   Refined Anisotropy Parameters
   -----------------------------
   Principal components of anisotropic part of B affecting observed amplitudes:
     eigenB (A^2)     direction cosines (orthogonal coordinates)
         2.201             -0.1607   0.0000   0.9870
        -1.007              0.9870   0.0000   0.1607
        -1.194              0.0000   1.0000   0.0000
   Anisotropic deltaB (i.e. range of principal components):   3.395

------------------------------------------------------------------------------------------
Advisory: NMOL (2) set by analysis. If structure solution fails consider other tNCS
------------------------------------------------------------------------------------------

   Translational NCS Refinement
   ----------------------------
   Test rotation #5
      Final angle  : -0.0845  0.1146  2.0987
      Final vector :  0.2035  0.4958  0.5082
      tNCS D-values by resolution (low-high) : 0.8348 0.3327

   Data have been provided as French-Wilson amplitudes

   Resolution of Data (Selected):    1.400 (1.4)
   Number of Reflections (Selected): 137253 (137253)
   eLLG Target: 225

-----------------
POLY-ALANINE ELLG
-----------------

   Resolution = 1.4
   Default RMSD = 0.1 0.2 0.4 0.8 1.6 3.2
   Minimum solvent = 20%
      Maximum number of polyalanine residues = 790 (-full-)
   Alanine residues for eLLG target = 60

   Table of Alanine Residues for eLLG Target
   -----------------------------------------
                  ---RMSD--- 
   eLLG-target |  0.10  0.20  0.40  0.80  1.60  3.20 
           225 |    60    68   103   266 -full--full-
           196 |    56    63    96   249 -full--full-
           169 |    52    59    89   231 -full--full-
           144 |    48    54    82   213   740 -full-
           121 |    44    50    75   195   678 -full-
           100 |    40    45    68   177   616 -full-
            81 |    36    41    61   160   555 -full-
            64 |    32    36    55   142   493 -full-
            49 |    28    31    48   124   431 -full-
            36 |    24    27    41   106   370 -full-
            25 |    20    22    34    88   308 -full-
            16 |    16    18    27    71   246 -full-
             9 |    12    13    20    53   185 -full-
             4 |     8     9    13    35   123 -full-
             1 |     4     4     6    17    61   405 

--------------
MONOMERIC ELLG
--------------

   Expected LLG (eLLG)
   -------------------
   eLLG: eLLG of ensemble alone
       eLLG   RMSD frac-scat  Ensemble
       39.1  0.877   0.13075  1iqb_B
       65.7  0.765   0.13579  1uha_A
    1.92421  1.085   0.04146  2dkv_A
     1411.5  0.400   0.26171  2uvo_F
       17.2  0.677   0.05738  4mpi_B
       27.6  0.627   0.06469  4wp4_A
      387.3  0.643   0.25127  6stq_B

   Resolution for eLLG target
   --------------------------
   eLLG-reso: Resolution to achieve target eLLG (225)
     eLLG-reso  Ensemble
   > 1.40(all)  1iqb_B
   > 1.40(all)  1uha_A
   > 1.40(all)  2dkv_A
         3.339  2uvo_F
   > 1.40(all)  4mpi_B
   > 1.40(all)  4wp4_A
         2.759  6stq_B

   Resolution for eLLG target: data collection
   -------------------------------------------
   eLLG-reso: Resolution to achieve target eLLG (225) with perfect data
     eLLG-reso  Ensemble
        >1.2A   1iqb_B
        >1.2A   1uha_A
        >1.2A   2dkv_A
         3.547  2uvo_F
        >1.2A   4mpi_B
        >1.2A   4wp4_A
         2.937  6stq_B

   eLLG indicates that placement of a single copy of ensemble "2uvo_F" should be easy
   eLLG indicates that placement of a single copy of ensemble "6stq_B" should be easy
------------------------------------------------------------------------------------------
Advisory: 
eLLG indicates that placement of a single copy of ensemble "1iqb_B" will be very difficult
eLLG indicates that placement of a single copy of ensemble "1uha_A" could be difficult
eLLG indicates that placement of a single copy of ensemble "2dkv_A" will be very difficult
eLLG indicates that placement of a single copy of ensemble "4mpi_B" will be very difficult
eLLG indicates that placement of a single copy of ensemble "4wp4_A" will be very difficult
------------------------------------------------------------------------------------------

   Expected LLG (eLLG): Chains
   ---------------------------
   eLLG: eLLG of chain alone
       eLLG   RMSD frac-scat chain  Ensemble
       39.1  0.877   0.13075  " B"  1iqb_B
       65.7  0.765   0.13579  " A"  1uha_A
    1.92421  1.085   0.04146  " A"  2dkv_A
     1411.5  0.400   0.26171  " F"  2uvo_F
       17.2  0.677   0.05738  " B"  4mpi_B
       27.6  0.627   0.06469  " A"  4wp4_A
      387.3  0.643   0.25127  " B"  6stq_B

   Resolution for eLLG target: Chains
   ----------------------------------
   eLLG-reso: Resolution to achieve target eLLG (225)
     eLLG-reso chain  Ensemble
   > 1.40(all)  " B"  1iqb_B
   > 1.40(all)  " A"  1uha_A
   > 1.40(all)  " A"  2dkv_A
         3.339  " F"  2uvo_F
   > 1.40(all)  " B"  4mpi_B
   > 1.40(all)  " A"  4wp4_A
         2.759  " B"  6stq_B

--------------------
HOMO-OLIGOMERIC ELLG
--------------------

   Number of copies for eLLG target
   --------------------------------
   eLLG-target   RMSD frac-scat-known frac-scat   num-copies  Ensemble
           225  0.877         0.26149   0.39224            3  1iqb_B
           225  0.765         0.13579   0.27159            2  1uha_A
           225  1.085         0.41456   0.45602           11  2dkv_A
           225  0.400         0.00000   0.26171            1  2uvo_F
           225  0.677         0.17214   0.22953            4  4mpi_B
           225  0.627         0.12938   0.19406            3  4wp4_A
           225  0.643         0.00000   0.25127            1  6stq_B

CPU Time: 0 days 0 hrs 2 mins 18.63 secs (    138.63 secs)
Finished: Thu Sep 26 16:30:17 2024

--------
ADVISORY
--------


eLLG indicates that placement of a single copy of ensemble "1iqb_B" will be very difficult
eLLG indicates that placement of a single copy of ensemble "1uha_A" could be difficult
eLLG indicates that placement of a single copy of ensemble "2dkv_A" will be very difficult
eLLG indicates that placement of a single copy of ensemble "4mpi_B" will be very difficult
eLLG indicates that placement of a single copy of ensemble "4wp4_A" will be very difficult

NMOL (2) set by analysis. If structure solution fails consider other tNCS

CPU Time: 0 days 0 hrs 2 mins 18.64 secs (    138.64 secs)
Finished: Thu Sep 26 16:30:17 2024

